# JRE version: OpenJDK Runtime Environment Temurin-21.0.12.1+1 (21.0.12.1+1) (build 21.0.12.1+1-LTS)
# Java VM: OpenJDK 64-Bit Server VM Temurin-21.0.12.1+1 (21.0.12.1+1-LTS, mixed mode, sharing, tiered, compressed oops, compressed class ptrs, parallel gc, windows-amd64)
GC Precious Log:
 CardTable entry size: 512
 CPUs: 8 total, 8 available
 Memory: 6030M
 Large Page Support: Disabled
 NUMA Support: Disabled
 Compressed Oops: Enabled (32-bit)
 Alignments: Space 512K, Generation 512K, Heap 2M
 Heap Min Capacity: 100M
 Heap Initial Capacity: 100M
 Heap Max Capacity: 2G
 Pre-touch: Disabled
 Parallel Workers: 8
Heap:
 PSYoungGen      total 3072K, used 2492K [0x00000000d5580000, 0x00000000d5a80000, 0x0000000100000000)
  eden space 2560K, 78% used [0x00000000d5580000,0x00000000d5777188,0x00000000d5800000)
  from space 512K, 93% used [0x00000000d5900000,0x00000000d5978020,0x00000000d5980000)
  to   space 1024K, 0% used [0x00000000d5800000,0x00000000d5800000,0x00000000d5900000)
 ParOldGen       total 1398272K, used 55096K [0x0000000080000000, 0x00000000d5580000, 0x00000000d5580000)
  object space 1398272K, 3% used [0x0000000080000000,0x00000000835ce1e8,0x00000000d5580000)
 Metaspace       used 67047K, committed 68608K, reserved 1114112K
  class space    used 7147K, committed 7808K, reserved 1048576K
GC Heap History (20 events):
Event: 44.492 GC heap before
{Heap before GC invocations=310 (full 3):
 PSYoungGen      total 3072K, used 2557K [0x00000000d5580000, 0x00000000d5a00000, 0x0000000100000000)
  eden space 2560K, 93% used [0x00000000d5580000,0x00000000d57d74c8,0x00000000d5800000)
  from space 512K, 31% used [0x00000000d5980000,0x00000000d59a8000,0x00000000d5a00000)
  to   space 512K, 0% used [0x00000000d5900000,0x00000000d5900000,0x00000000d5980000)
 ParOldGen       total 423424K, used 423154K [0x0000000080000000, 0x0000000099d80000, 0x00000000d5580000)
  object space 423424K, 99% used [0x0000000080000000,0x0000000099d3c9a8,0x0000000099d80000)
 Metaspace       used 66871K, committed 68416K, reserved 1114112K
  class space    used 7168K, committed 7808K, reserved 1048576K
}
Event: 44.495 GC heap after
{Heap after GC invocations=310 (full 3):
 PSYoungGen      total 3072K, used 501K [0x00000000d5580000, 0x00000000d5a00000, 0x0000000100000000)
  eden space 2560K, 0% used [0x00000000d5580000,0x00000000d5580000,0x00000000d5800000)
  from space 512K, 97% used [0x00000000d5900000,0x00000000d597d560,0x00000000d5980000)
  to   space 512K, 0% used [0x00000000d5980000,0x00000000d5980000,0x00000000d5a00000)
 ParOldGen       total 423424K, used 423210K [0x0000000080000000, 0x0000000099d80000, 0x00000000d5580000)
  object space 423424K, 99% used [0x0000000080000000,0x0000000099d4a9a8,0x0000000099d80000)
 Metaspace       used 66871K, committed 68416K, reserved 1114112K
  class space    used 7168K, committed 7808K, reserved 1048576K
}
Event: 44.542 GC heap before
{Heap before GC invocations=311 (full 3):
 PSYoungGen      total 3072K, used 3027K [0x00000000d5580000, 0x00000000d5a00000, 0x0000000100000000)
  eden space 2560K, 98% used [0x00000000d5580000,0x00000000d57f7a10,0x00000000d5800000)
  from space 512K, 97% used [0x00000000d5900000,0x00000000d597d560,0x00000000d5980000)
  to   space 512K, 0% used [0x00000000d5980000,0x00000000d5980000,0x00000000d5a00000)
 ParOldGen       total 1398272K, used 423210K [0x0000000080000000, 0x00000000d5580000, 0x00000000d5580000)
  object space 1398272K, 30% used [0x0000000080000000,0x0000000099d4a9a8,0x00000000d5580000)
 Metaspace       used 66878K, committed 68416K, reserved 1114112K
  class space    used 7168K, committed 7808K, reserved 1048576K
}
Event: 44.549 GC heap after
{Heap after GC invocations=311 (full 3):
 PSYoungGen      total 1536K, used 483K [0x00000000d5580000, 0x00000000d5e00000, 0x0000000100000000)
  eden space 1024K, 0% used [0x00000000d5580000,0x00000000d5580000,0x00000000d5680000)
  from space 512K, 94% used [0x00000000d5980000,0x00000000d59f8dc8,0x00000000d5a00000)
  to   space 3072K, 0% used [0x00000000d5680000,0x00000000d5680000,0x00000000d5980000)
 ParOldGen       total 1398272K, used 425192K [0x0000000080000000, 0x00000000d5580000, 0x00000000d5580000)
  object space 1398272K, 30% used [0x0000000080000000,0x0000000099f3a230,0x00000000d5580000)
 Metaspace       used 66878K, committed 68416K, reserved 1114112K
  class space    used 7168K, committed 7808K, reserved 1048576K
}
Event: 44.551 GC heap before
{Heap before GC invocations=312 (full 3):
 PSYoungGen      total 1536K, used 483K [0x00000000d5580000, 0x00000000d5e00000, 0x0000000100000000)
  eden space 1024K, 0% used [0x00000000d5580000,0x00000000d5580000,0x00000000d5680000)
  from space 512K, 94% used [0x00000000d5980000,0x00000000d59f8dc8,0x00000000d5a00000)
  to   space 3072K, 0% used [0x00000000d5680000,0x00000000d5680000,0x00000000d5980000)
 ParOldGen       total 1398272K, used 425192K [0x0000000080000000, 0x00000000d5580000, 0x00000000d5580000)
  object space 1398272K, 30% used [0x0000000080000000,0x0000000099f3a230,0x00000000d5580000)
 Metaspace       used 66878K, committed 68416K, reserved 1114112K
  class space    used 7168K, committed 7808K, reserved 1048576K
}
Event: 44.554 GC heap after
{Heap after GC invocations=312 (full 3):
 PSYoungGen      total 1536K, used 0K [0x00000000d5580000, 0x00000000d5a00000, 0x0000000100000000)
  eden space 1024K, 0% used [0x00000000d5580000,0x00000000d5580000,0x00000000d5680000)
  from space 512K, 0% used [0x00000000d5680000,0x00000000d5680000,0x00000000d5700000)
  to   space 1024K, 0% used [0x00000000d5900000,0x00000000d5900000,0x00000000d5a00000)
 ParOldGen       total 1398272K, used 425715K [0x0000000080000000, 0x00000000d5580000, 0x00000000d5580000)
  object space 1398272K, 30% used [0x0000000080000000,0x0000000099fbcff8,0x00000000d5580000)
 Metaspace       used 66878K, committed 68416K, reserved 1114112K
  class space    used 7168K, committed 7808K, reserved 1048576K
}
Event: 44.554 GC heap before
{Heap before GC invocations=313 (full 4):
 PSYoungGen      total 1536K, used 0K [0x00000000d5580000, 0x00000000d5a00000, 0x0000000100000000)
  eden space 1024K, 0% used [0x00000000d5580000,0x00000000d5580000,0x00000000d5680000)
  from space 512K, 0% used [0x00000000d5680000,0x00000000d5680000,0x00000000d5700000)
  to   space 1024K, 0% used [0x00000000d5900000,0x00000000d5900000,0x00000000d5a00000)
 ParOldGen       total 1398272K, used 425715K [0x0000000080000000, 0x00000000d5580000, 0x00000000d5580000)
  object space 1398272K, 30% used [0x0000000080000000,0x0000000099fbcff8,0x00000000d5580000)
 Metaspace       used 66878K, committed 68416K, reserved 1114112K
  class space    used 7168K, committed 7808K, reserved 1048576K
}
Event: 44.812 GC heap after
{Heap after GC invocations=313 (full 4):
 PSYoungGen      total 1536K, used 0K [0x00000000d5580000, 0x00000000d5980000, 0x0000000100000000)
  eden space 1024K, 0% used [0x00000000d5580000,0x00000000d5580000,0x00000000d5680000)
  from space 512K, 0% used [0x00000000d5900000,0x00000000d5900000,0x00000000d5980000)
  to   space 1024K, 0% used [0x00000000d5780000,0x00000000d5780000,0x00000000d5880000)
 ParOldGen       total 218112K, used 192129K [0x0000000080000000, 0x000000008d500000, 0x00000000d5580000)
  object space 218112K, 88% used [0x0000000080000000,0x000000008bba07f8,0x000000008d500000)
 Metaspace       used 66878K, committed 68416K, reserved 1114112K
  class space    used 7168K, committed 7808K, reserved 1048576K
}
Event: 44.820 GC heap before
{Heap before GC invocations=314 (full 4):
 PSYoungGen      total 1536K, used 0K [0x00000000d5580000, 0x00000000d5980000, 0x0000000100000000)
  eden space 1024K, 0% used [0x00000000d5580000,0x00000000d5580000,0x00000000d5680000)
  from space 512K, 0% used [0x00000000d5900000,0x00000000d5900000,0x00000000d5980000)
  to   space 1024K, 0% used [0x00000000d5780000,0x00000000d5780000,0x00000000d5880000)
 ParOldGen       total 1398272K, used 192129K [0x0000000080000000, 0x00000000d5580000, 0x00000000d5580000)
  object space 1398272K, 13% used [0x0000000080000000,0x000000008bba07f8,0x00000000d5580000)
 Metaspace       used 66878K, committed 68416K, reserved 1114112K
  class space    used 7168K, committed 7808K, reserved 1048576K
}
Event: 44.821 GC heap after
{Heap after GC invocations=314 (full 4):
 PSYoungGen      total 2048K, used 0K [0x00000000d5580000, 0x00000000d5980000, 0x0000000100000000)
  eden space 1024K, 0% used [0x00000000d5580000,0x00000000d5580000,0x00000000d5680000)
  from space 1024K, 0% used [0x00000000d5780000,0x00000000d5780000,0x00000000d5880000)
  to   space 512K, 0% used [0x00000000d5900000,0x00000000d5900000,0x00000000d5980000)
 ParOldGen       total 1398272K, used 192129K [0x0000000080000000, 0x00000000d5580000, 0x00000000d5580000)
  object space 1398272K, 13% used [0x0000000080000000,0x000000008bba07f8,0x00000000d5580000)
 Metaspace       used 66878K, committed 68416K, reserved 1114112K
  class space    used 7168K, committed 7808K, reserved 1048576K
}
Event: 44.821 GC heap before
{Heap before GC invocations=315 (full 5):
 PSYoungGen      total 2048K, used 0K [0x00000000d5580000, 0x00000000d5980000, 0x0000000100000000)
  eden space 1024K, 0% used [0x00000000d5580000,0x00000000d5580000,0x00000000d5680000)
  from space 1024K, 0% used [0x00000000d5780000,0x00000000d5780000,0x00000000d5880000)
  to   space 512K, 0% used [0x00000000d5900000,0x00000000d5900000,0x00000000d5980000)
 ParOldGen       total 1398272K, used 192129K [0x0000000080000000, 0x00000000d5580000, 0x00000000d5580000)
  object space 1398272K, 13% used [0x0000000080000000,0x000000008bba07f8,0x00000000d5580000)
 Metaspace       used 66878K, committed 68416K, reserved 1114112K
  class space    used 7168K, committed 7808K, reserved 1048576K
}
Event: 45.154 GC heap after
{Heap after GC invocations=315 (full 5):
 PSYoungGen      total 2048K, used 0K [0x00000000d5580000, 0x00000000d5980000, 0x0000000100000000)
  eden space 1536K, 0% used [0x00000000d5580000,0x00000000d5580000,0x00000000d5700000)
  from space 512K, 0% used [0x00000000d5900000,0x00000000d5900000,0x00000000d5980000)
  to   space 512K, 0% used [0x00000000d5880000,0x00000000d5880000,0x00000000d5900000)
 ParOldGen       total 98816K, used 54328K [0x0000000080000000, 0x0000000086080000, 0x00000000d5580000)
  object space 98816K, 54% used [0x0000000080000000,0x000000008350e168,0x0000000086080000)
 Metaspace       used 66581K, committed 68416K, reserved 1114112K
  class space    used 7086K, committed 7808K, reserved 1048576K
}
Event: 45.768 GC heap before
{Heap before GC invocations=316 (full 5):
 PSYoungGen      total 2048K, used 1535K [0x00000000d5580000, 0x00000000d5980000, 0x0000000100000000)
  eden space 1536K, 99% used [0x00000000d5580000,0x00000000d56ffff0,0x00000000d5700000)
  from space 512K, 0% used [0x00000000d5900000,0x00000000d5900000,0x00000000d5980000)
  to   space 512K, 0% used [0x00000000d5880000,0x00000000d5880000,0x00000000d5900000)
 ParOldGen       total 1398272K, used 54328K [0x0000000080000000, 0x00000000d5580000, 0x00000000d5580000)
  object space 1398272K, 3% used [0x0000000080000000,0x000000008350e168,0x00000000d5580000)
 Metaspace       used 66647K, committed 68416K, reserved 1114112K
  class space    used 7098K, committed 7808K, reserved 1048576K
}
Event: 45.773 GC heap after
{Heap after GC invocations=316 (full 5):
 PSYoungGen      total 2560K, used 480K [0x00000000d5580000, 0x00000000d5980000, 0x0000000100000000)
  eden space 2048K, 0% used [0x00000000d5580000,0x00000000d5580000,0x00000000d5780000)
  from space 512K, 93% used [0x00000000d5880000,0x00000000d58f8020,0x00000000d5900000)
  to   space 512K, 0% used [0x00000000d5900000,0x00000000d5900000,0x00000000d5980000)
 ParOldGen       total 1398272K, used 54344K [0x0000000080000000, 0x00000000d5580000, 0x00000000d5580000)
  object space 1398272K, 3% used [0x0000000080000000,0x0000000083512168,0x00000000d5580000)
 Metaspace       used 66647K, committed 68416K, reserved 1114112K
  class space    used 7098K, committed 7808K, reserved 1048576K
}
Event: 45.810 GC heap before
{Heap before GC invocations=317 (full 5):
 PSYoungGen      total 2560K, used 2528K [0x00000000d5580000, 0x00000000d5980000, 0x0000000100000000)
  eden space 2048K, 100% used [0x00000000d5580000,0x00000000d5780000,0x00000000d5780000)
  from space 512K, 93% used [0x00000000d5880000,0x00000000d58f8020,0x00000000d5900000)
  to   space 512K, 0% used [0x00000000d5900000,0x00000000d5900000,0x00000000d5980000)
 ParOldGen       total 1398272K, used 54344K [0x0000000080000000, 0x00000000d5580000, 0x00000000d5580000)
  object space 1398272K, 3% used [0x0000000080000000,0x0000000083512168,0x00000000d5580000)
 Metaspace       used 66674K, committed 68416K, reserved 1114112K
  class space    used 7101K, committed 7808K, reserved 1048576K
}
Event: 45.813 GC heap after
{Heap after GC invocations=317 (full 5):
 PSYoungGen      total 3072K, used 480K [0x00000000d5580000, 0x00000000d5a00000, 0x0000000100000000)
  eden space 2560K, 0% used [0x00000000d5580000,0x00000000d5580000,0x00000000d5800000)
  from space 512K, 93% used [0x00000000d5900000,0x00000000d5978040,0x00000000d5980000)
  to   space 1024K, 0% used [0x00000000d5800000,0x00000000d5800000,0x00000000d5900000)
 ParOldGen       total 1398272K, used 54768K [0x0000000080000000, 0x00000000d5580000, 0x00000000d5580000)
  object space 1398272K, 3% used [0x0000000080000000,0x000000008357c1a8,0x00000000d5580000)
 Metaspace       used 66674K, committed 68416K, reserved 1114112K
  class space    used 7101K, committed 7808K, reserved 1048576K
}
Event: 45.866 GC heap before
{Heap before GC invocations=318 (full 5):
 PSYoungGen      total 3072K, used 3040K [0x00000000d5580000, 0x00000000d5a00000, 0x0000000100000000)
  eden space 2560K, 100% used [0x00000000d5580000,0x00000000d5800000,0x00000000d5800000)
  from space 512K, 93% used [0x00000000d5900000,0x00000000d5978040,0x00000000d5980000)
  to   space 1024K, 0% used [0x00000000d5800000,0x00000000d5800000,0x00000000d5900000)
 ParOldGen       total 1398272K, used 54768K [0x0000000080000000, 0x00000000d5580000, 0x00000000d5580000)
  object space 1398272K, 3% used [0x0000000080000000,0x000000008357c1a8,0x00000000d5580000)
 Metaspace       used 66732K, committed 68416K, reserved 1114112K
  class space    used 7111K, committed 7808K, reserved 1048576K
}
Event: 45.867 GC heap after
{Heap after GC invocations=318 (full 5):
 PSYoungGen      total 3584K, used 224K [0x00000000d5580000, 0x00000000d5980000, 0x0000000100000000)
  eden space 2560K, 0% used [0x00000000d5580000,0x00000000d5580000,0x00000000d5800000)
  from space 1024K, 21% used [0x00000000d5800000,0x00000000d5838000,0x00000000d5900000)
  to   space 512K, 0% used [0x00000000d5900000,0x00000000d5900000,0x00000000d5980000)
 ParOldGen       total 1398272K, used 55072K [0x0000000080000000, 0x00000000d5580000, 0x00000000d5580000)
  object space 1398272K, 3% used [0x0000000080000000,0x00000000835c81e8,0x00000000d5580000)
 Metaspace       used 66732K, committed 68416K, reserved 1114112K
  class space    used 7111K, committed 7808K, reserved 1048576K
}
Event: 46.447 GC heap before
{Heap before GC invocations=319 (full 5):
 PSYoungGen      total 3584K, used 2783K [0x00000000d5580000, 0x00000000d5980000, 0x0000000100000000)
  eden space 2560K, 99% used [0x00000000d5580000,0x00000000d57ffff0,0x00000000d5800000)
  from space 1024K, 21% used [0x00000000d5800000,0x00000000d5838000,0x00000000d5900000)
  to   space 512K, 0% used [0x00000000d5900000,0x00000000d5900000,0x00000000d5980000)
 ParOldGen       total 1398272K, used 55072K [0x0000000080000000, 0x00000000d5580000, 0x00000000d5580000)
  object space 1398272K, 3% used [0x0000000080000000,0x00000000835c81e8,0x00000000d5580000)
 Metaspace       used 67001K, committed 68544K, reserved 1114112K
  class space    used 7145K, committed 7808K, reserved 1048576K
}
Event: 46.448 GC heap after
{Heap after GC invocations=319 (full 5):
 PSYoungGen      total 3072K, used 480K [0x00000000d5580000, 0x00000000d5a80000, 0x0000000100000000)
  eden space 2560K, 0% used [0x00000000d5580000,0x00000000d5580000,0x00000000d5800000)
  from space 512K, 93% used [0x00000000d5900000,0x00000000d5978020,0x00000000d5980000)
  to   space 1024K, 0% used [0x00000000d5800000,0x00000000d5800000,0x00000000d5900000)
 ParOldGen       total 1398272K, used 55096K [0x0000000080000000, 0x00000000d5580000, 0x00000000d5580000)
  object space 1398272K, 3% used [0x0000000080000000,0x00000000835ce1e8,0x00000000d5580000)
 Metaspace       used 67001K, committed 68544K, reserved 1114112K
  class space    used 7145K, committed 7808K, reserved 1048576K
}

